<?xml version="1.0" encoding="UTF-8"?>
<testng-results skipped="0" failed="0" total="3" passed="3">
  <reporter-output>
  </reporter-output>
  <suite name="Command line suite" duration-ms="452" started-at="2015-10-11T21:49:46Z" finished-at="2015-10-11T21:49:47Z">
    <groups>
    </groups>
    <test name="Command line test" duration-ms="452" started-at="2015-10-11T21:49:46Z" finished-at="2015-10-11T21:49:47Z">
      <class name="VideoPlayerTest">
        <test-method status="PASS" signature="test()" name="test" duration-ms="1" started-at="2015-10-11T21:49:47Z" finished-at="2015-10-11T21:49:47Z">
        </test-method>
      </class>
      <class name="PlayerControlPanelTest">
        <test-method status="PASS" signature="test()" name="test" duration-ms="436" started-at="2015-10-11T21:49:46Z" finished-at="2015-10-11T21:49:47Z">
        </test-method>
      </class>
      <class name="AudioPlayerTest">
        <test-method status="PASS" signature="test()" name="test" duration-ms="7" started-at="2015-10-11T21:49:46Z" finished-at="2015-10-11T21:49:46Z">
        </test-method>
      </class>
    </test>
  </suite>
</testng-results>
